[    0.000000] Initializing cgroup subsys cpuset
[    0.000000] Initializing cgroup subsys cpu
[    0.000000] Initializing cgroup subsys cpuacct
[    0.000000] Linux version 4.4.0-210-generic (buildd@lgw01-amd64-009) (gcc version 5.4.0 20160609 (Ubuntu 5.4.0-6ubuntu1~16.04.12) ) #242-Ubuntu SMP Fri Apr 16 09:57:56 UTC 2021 (Ubuntu 4.4.0-210.242-generic 4.4.262)
[    0.000000] Command line: BOOT_IMAGE=/boot/vmlinuz-4.4.0-210-generic root=LABEL=cloudimg-rootfs ro console=tty1 console=ttyS0
[    0.000000] KERNEL supported cpus:
[    0.000000]   Intel GenuineIntel
[    0.000000]   AMD AuthenticAMD
[    0.000000]   Centaur CentaurHauls
[    0.000000] x86/fpu: Legacy x87 FPU detected.
[    0.000000] e820: BIOS-provided physical RAM map:
[    0.000000] BIOS-e820: [mem 0x0000000000000000-0x000000000009fbff] usable
[    0.000000] BIOS-e820: [mem 0x000000000009fc00-0x000000000009ffff] reserved
[    0.000000] BIOS-e820: [mem 0x00000000000f0000-0x00000000000fffff] reserved
[    0.000000] BIOS-e820: [mem 0x0000000000100000-0x000000003ffeffff] usable
[    0.000000] BIOS-e820: [mem 0x000000003fff0000-0x000000003fffffff] ACPI data
[    0.000000] BIOS-e820: [mem 0x00000000fec00000-0x00000000fec00fff] reserved
[    0.000000] BIOS-e820: [mem 0x00000000fee00000-0x00000000fee00fff] reserved
[    0.000000] BIOS-e820: [mem 0x00000000fffc0000-0x00000000ffffffff] reserved
[    0.000000] NX (Execute Disable) protection: active
[    0.000000] SMBIOS 2.5 present.
[    0.000000] Hypervisor detected: KVM
[    0.000000] e820: last_pfn = 0x3fff0 max_arch_pfn = 0x400000000
[    0.000000] MTRR: Disabled
[    0.000000] x86/PAT: MTRRs disabled, skipping PAT initialization too.
[    0.000000] CPU MTRRs all blank - virtualized system.
[    0.000000] x86/PAT: Configuration [0-7]: WB  WT  UC- UC  WB  WT  UC- UC  
[    0.000000] found SMP MP-table at [mem 0x0009fff0-0x0009ffff] mapped at [ffff88000009fff0]
[    0.000000] Scanning 1 areas for low memory corruption
[    0.000000] RAMDISK: [mem 0x362dc000-0x37165fff]
[    0.000000] ACPI: Early table checksum verification disabled
[    0.000000] ACPI: RSDP 0x00000000000E0000 000024 (v02 VBOX  )
[    0.000000] ACPI: XSDT 0x000000003FFF0030 00003C (v01 VBOX   VBOXXSDT 00000001 ASL  00000061)
[    0.000000] ACPI: FACP 0x000000003FFF00F0 0000F4 (v04 VBOX   VBOXFACP 00000001 ASL  00000061)
[    0.000000] ACPI: DSDT 0x000000003FFF0470 002325 (v02 VBOX   VBOXBIOS 00000002 INTL 20100528)
[    0.000000] ACPI: FACS 0x000000003FFF0200 000040
[    0.000000] ACPI: FACS 0x000000003FFF0200 000040
[    0.000000] ACPI: APIC 0x000000003FFF0240 00005C (v02 VBOX   VBOXAPIC 00000001 ASL  00000061)
[    0.000000] ACPI: SSDT 0x000000003FFF02A0 0001CC (v01 VBOX   VBOXCPUT 00000002 INTL 20100528)
[    0.000000] No NUMA configuration found
[    0.000000] Faking a node at [mem 0x0000000000000000-0x000000003ffeffff]
[    0.000000] NODE_DATA(0) allocated [mem 0x3ffeb000-0x3ffeffff]
[    0.000000] kvm-clock: Using msrs 4b564d01 and 4b564d00
[    0.000000] kvm-clock: cpu 0, msr 0:3ffe3001, primary cpu clock
[    0.000000] kvm-clock: using sched offset of 4123772236 cycles
[    0.000000] clocksource: kvm-clock: mask: 0xffffffffffffffff max_cycles: 0x1cd42e4dffb, max_idle_ns: 881590591483 ns
[    0.000000] Zone ranges:
[    0.000000]   DMA      [mem 0x0000000000001000-0x0000000000ffffff]
[    0.000000]   DMA32    [mem 0x0000000001000000-0x000000003ffeffff]
[    0.000000]   Normal   empty
[    0.000000]   Device   empty
[    0.000000] Movable zone start for each node
[    0.000000] Early memory node ranges
[    0.000000]   node   0: [mem 0x0000000000001000-0x000000000009efff]
[    0.000000]   node   0: [mem 0x0000000000100000-0x000000003ffeffff]
[    0.000000] Initmem setup node 0 [mem 0x0000000000001000-0x000000003ffeffff]
[    0.000000] ACPI: PM-Timer IO Port: 0x4008
[    0.000000] IOAPIC[0]: apic_id 2, version 32, address 0xfec00000, GSI 0-23
[    0.000000] ACPI: INT_SRC_OVR (bus 0 bus_irq 0 global_irq 2 dfl dfl)
[    0.000000] ACPI: INT_SRC_OVR (bus 0 bus_irq 9 global_irq 9 low level)
[    0.000000] Using ACPI (MADT) for SMP configuration information
[    0.000000] smpboot: Allowing 2 CPUs, 0 hotplug CPUs
[    0.000000] PM: Registered nosave memory: [mem 0x00000000-0x00000fff]
[    0.000000] PM: Registered nosave memory: [mem 0x0009f000-0x0009ffff]
[    0.000000] PM: Registered nosave memory: [mem 0x000a0000-0x000effff]
[    0.000000] PM: Registered nosave memory: [mem 0x000f0000-0x000fffff]
[    0.000000] e820: [mem 0x40000000-0xfebfffff] available for PCI devices
[    0.000000] Booting paravirtualized kernel on KVM
[    0.000000] clocksource: refined-jiffies: mask: 0xffffffff max_cycles: 0xffffffff, max_idle_ns: 7645519600211568 ns
[    0.000000] setup_percpu: NR_CPUS:512 nr_cpumask_bits:512 nr_cpu_ids:2 nr_node_ids:1
[    0.000000] PERCPU: Embedded 33 pages/cpu @ffff88003fc00000 s95192 r8192 d31784 u1048576
[    0.000000] Built 1 zonelists in Node order, mobility grouping on.  Total pages: 257912
[    0.000000] Policy zone: DMA32
[    0.000000] Kernel command line: BOOT_IMAGE=/boot/vmlinuz-4.4.0-210-generic root=LABEL=cloudimg-rootfs ro console=tty1 console=ttyS0
[    0.000000] PID hash table entries: 4096 (order: 3, 32768 bytes)
[    0.000000] Memory: 997792K/1048120K available (8644K kernel code, 1332K rwdata, 4044K rodata, 1492K init, 1164K bss, 50328K reserved, 0K cma-reserved)
[    0.000000] SLUB: HWalign=64, Order=0-3, MinObjects=0, CPUs=2, Nodes=1
[    0.000000] Kernel/User page tables isolation: enabled
[    0.000000] Hierarchical RCU implementation.
[    0.000000] 	Build-time adjustment of leaf fanout to 64.
[    0.000000] 	RCU restricting CPUs from NR_CPUS=512 to nr_cpu_ids=2.
[    0.000000] RCU: Adjusting geometry for rcu_fanout_leaf=64, nr_cpu_ids=2
[    0.000000] NR_IRQS:33024 nr_irqs:440 16
[    0.000000] Console: colour VGA+ 80x25
[    0.000000] console [tty1] enabled
[    0.000000] console [ttyS0] enabled
[    0.000000] tsc: Detected 2712.000 MHz processor
[    0.837886] Calibrating delay loop (skipped) preset value.. 5424.00 BogoMIPS (lpj=10848000)
[    0.848173] pid_max: default: 32768 minimum: 301
[    0.853723] ACPI: Core revision 20150930
[    0.859461] ACPI: 2 ACPI AML tables successfully acquired and loaded
[    0.872267] Security Framework initialized
[    0.877394] Yama: becoming mindful.
[    0.883356] AppArmor: AppArmor initialized
[    0.888690] Dentry cache hash table entries: 131072 (order: 8, 1048576 bytes)
[    0.903091] Inode-cache hash table entries: 65536 (order: 7, 524288 bytes)
[    0.919765] Mount-cache hash table entries: 2048 (order: 2, 16384 bytes)
[    0.929790] Mountpoint-cache hash table entries: 2048 (order: 2, 16384 bytes)
[    0.945284] Initializing cgroup subsys io
[    0.955168] Initializing cgroup subsys memory
[    0.961595] Initializing cgroup subsys devices
[    0.972999] Initializing cgroup subsys freezer
[    0.983237] Initializing cgroup subsys net_cls
[    0.992165] Initializing cgroup subsys perf_event
[    1.003768] Initializing cgroup subsys net_prio
[    1.014114] Initializing cgroup subsys hugetlb
[    1.021372] Initializing cgroup subsys pids
[    1.028044] mce: CPU supports 0 MCE banks
[    1.038331] Last level iTLB entries: 4KB 64, 2MB 8, 4MB 8
[    1.048034] Last level dTLB entries: 4KB 64, 2MB 0, 4MB 0, 1GB 4
[    1.056054] Spectre V1 : Mitigation: usercopy/swapgs barriers and __user pointer sanitization
[    1.070080] Spectre V2 : Mitigation: Full generic retpoline
[    1.081787] Spectre V2 : Spectre v2 / SpectreRSB mitigation: Filling RSB on context switch
[    1.098185] Speculative Store Bypass: Vulnerable
[    1.109433] MDS: Mitigation: Clear CPU buffers
[    1.172249] Freeing SMP alternatives memory: 36K
[    1.295679] ftrace: allocating 32380 entries in 127 pages
[    2.089179] smpboot: APIC(0) Converting physical 0 to logical package 0
[    2.103870] smpboot: Max logical packages: 1
[    2.132276] ..TIMER: vector=0x30 apic1=0 pin1=2 apic2=-1 pin2=-1
[    2.249260] smpboot: CPU0: Intel(R) Core(TM) i5-7200U CPU @ 2.50GHz (family: 0x6, model: 0x8e, stepping: 0x9)
[    2.266474] Performance Events: unsupported p6 CPU model 142 no PMU driver, software events only.
[    2.397665] KVM setup paravirtual spinlock
[    2.405800] x86: Booting SMP configuration:
[    2.411271] .... node  #0, CPUs:      #1
[    2.418452] kvm-clock: cpu 1, msr 0:3ffe3041, secondary cpu clock
[    2.425432] mce: CPU supports 0 MCE banks
[    2.430589] TSC synchronization [CPU#0 -> CPU#1]:
[    2.436677] Measured 64916 cycles TSC warp between CPUs, turning off TSC clock.
[    2.445985] tsc: Marking TSC unstable due to check_tsc_sync_source failed
[    0.633407] x86: Booted up 1 node, 2 CPUs
[    0.636005] smpboot: Total of 2 processors activated (10848.00 BogoMIPS)
[    0.648768] devtmpfs: initialized
[    0.657236] evm: security.selinux
[    0.660004] evm: security.SMACK64
[    0.664005] evm: security.SMACK64EXEC
[    0.668004] evm: security.SMACK64TRANSMUTE
[    0.672004] evm: security.SMACK64MMAP
[    0.676008] evm: security.ima
[    0.680006] evm: security.capability
[    0.684389] clocksource: jiffies: mask: 0xffffffff max_cycles: 0xffffffff, max_idle_ns: 7645041785100000 ns
[    0.688024] futex hash table entries: 512 (order: 3, 32768 bytes)
[    0.696178] pinctrl core: initialized pinctrl subsystem
[    0.704483] RTC time: 15:48:01, date: 02/12/23
[    0.712304] NET: Registered protocol family 16
[    0.728027] cpuidle: using governor ladder
[    0.744037] cpuidle: using governor menu
[    0.748017] PCCT header not found.
[    0.752105] ACPI: bus type PCI registered
[    0.756008] acpiphp: ACPI Hot Plug PCI Controller Driver version: 0.5
[    0.760606] PCI: Using configuration type 1 for base access
[    0.788266] ACPI: Added _OSI(Module Device)
[    0.792005] ACPI: Added _OSI(Processor Device)
[    0.796006] ACPI: Added _OSI(3.0 _SCP Extensions)
[    0.800005] ACPI: Added _OSI(Processor Aggregator Device)
[    0.805523] ACPI: Executed 1 blocks of module-level executable AML code
[    0.817864] ACPI: Interpreter enabled
[    0.820018] ACPI: (supports S0 S5)
[    0.824005] ACPI: Using IOAPIC for interrupt routing
[    0.828428] PCI: Using host bridge windows from ACPI; if necessary, use "pci=nocrs" and report a bug
[    0.844289] ACPI: PCI Root Bridge [PCI0] (domain 0000 [bus 00-ff])
[    0.848013] acpi PNP0A03:00: _OSC: OS supports [ASPM ClockPM Segments MSI]
[    0.852807] acpi PNP0A03:00: _OSC: not requesting OS control; OS requires [ExtendedConfig ASPM ClockPM MSI]
[    0.856016] acpi PNP0A03:00: fail to add MMCONFIG information, can't access extended PCI configuration space under this bridge.
[    0.860902] PCI host bridge to bus 0000:00
[    0.864008] pci_bus 0000:00: root bus resource [io  0x0000-0x0cf7 window]
[    0.868012] pci_bus 0000:00: root bus resource [io  0x0d00-0xffff window]
[    0.872008] pci_bus 0000:00: root bus resource [mem 0x000a0000-0x000bffff window]
[    0.876009] pci_bus 0000:00: root bus resource [mem 0x40000000-0xfdffffff window]
[    0.880008] pci_bus 0000:00: root bus resource [bus 00-ff]
[    0.893912] pci 0000:00:01.1: legacy IDE quirk: reg 0x10: [io  0x01f0-0x01f7]
[    0.896007] pci 0000:00:01.1: legacy IDE quirk: reg 0x14: [io  0x03f6]
[    0.900008] pci 0000:00:01.1: legacy IDE quirk: reg 0x18: [io  0x0170-0x0177]
[    0.904007] pci 0000:00:01.1: legacy IDE quirk: reg 0x1c: [io  0x0376]
[    0.935349] pci 0000:00:07.0: quirk: [io  0x4000-0x403f] claimed by PIIX4 ACPI
[    0.936056] pci 0000:00:07.0: quirk: [io  0x4100-0x410f] claimed by PIIX4 SMB
[    0.957728] ACPI: PCI Interrupt Link [LNKA] (IRQs 5 9 10 *11)
[    0.964796] ACPI: PCI Interrupt Link [LNKB] (IRQs 5 9 *10 11)
[    0.974646] ACPI: PCI Interrupt Link [LNKC] (IRQs 5 *9 10 11)
[    0.982976] ACPI: PCI Interrupt Link [LNKD] (IRQs 5 9 10 *11)
[    0.989592] ACPI: Enabled 2 GPEs in block 00 to 07
[    0.996094] vgaarb: setting as boot device: PCI:0000:00:02.0
[    1.000000] vgaarb: device added: PCI:0000:00:02.0,decodes=io+mem,owns=io+mem,locks=none
[    1.000007] vgaarb: loaded
[    1.004004] vgaarb: bridge control possible 0000:00:02.0
[    1.012448] SCSI subsystem initialized
[    1.016303] ACPI: bus type USB registered
[    1.020037] usbcore: registered new interface driver usbfs
[    1.024068] usbcore: registered new interface driver hub
[    1.028055] usbcore: registered new device driver usb
[    1.036808] PCI: Using ACPI for IRQ routing
[    1.044139] NetLabel: Initializing
[    1.048007] NetLabel:  domain hash size = 128
[    1.052004] NetLabel:  protocols = UNLABELED CIPSOv4
[    1.056030] NetLabel:  unlabeled traffic allowed by default
[    1.060210] amd_nb: Cannot enumerate AMD northbridges
[    1.068433] clocksource: Switched to clocksource kvm-clock
[    1.091597] AppArmor: AppArmor Filesystem Enabled
[    1.091597] pnp: PnP ACPI init
[    1.091597] pnp: PnP ACPI: found 3 devices
[    1.209796] clocksource: acpi_pm: mask: 0xffffff max_cycles: 0xffffff, max_idle_ns: 2085701024 ns
[    1.212782] NET: Registered protocol family 2
[    1.232365] TCP established hash table entries: 8192 (order: 4, 65536 bytes)
[    1.241527] TCP bind hash table entries: 8192 (order: 5, 131072 bytes)
[    1.245168] TCP: Hash tables configured (established 8192 bind 8192)
[    1.245168] UDP hash table entries: 512 (order: 2, 16384 bytes)
[    1.245168] UDP-Lite hash table entries: 512 (order: 2, 16384 bytes)
[    1.245168] NET: Registered protocol family 1
[    1.245168] pci 0000:00:00.0: Limiting direct PCI/PCI transfers
[    1.245168] pci 0000:00:01.0: Activating ISA DMA hang workarounds
[    1.245168] Unpacking initramfs...
[    1.857194] Freeing initrd memory: 14888K
[    1.857194] clocksource: tsc: mask: 0xffffffffffffffff max_cycles: 0x2717868ea45, max_idle_ns: 440795316085 ns
[    1.857194] platform rtc_cmos: registered platform RTC device (no PNP device found)
[    1.857194] Scanning for low memory corruption every 60 seconds
[    1.913842] audit: initializing netlink subsys (disabled)
[    1.922704] audit: type=2000 audit(1676216886.959:1): initialized
[    1.932977] Initialise system trusted keyring
[    1.941198] HugeTLB registered 2 MB page size, pre-allocated 0 pages
[    1.953710] zbud: loaded
[    1.958918] VFS: Disk quotas dquot_6.6.0
[    1.965167] VFS: Dquot-cache hash table entries: 512 (order 0, 4096 bytes)
[    1.969023] squashfs: version 4.0 (2009/01/31) Phillip Lougher
[    1.987951] fuse init (API version 7.23)
[    1.995265] Key type big_key registered
[    1.998772] Allocating IMA MOK and blacklist keyrings.
[    2.033240] Key type asymmetric registered
[    2.039786] Asymmetric key parser 'x509' registered
[    2.046362] Block layer SCSI generic (bsg) driver version 0.4 loaded (major 249)
[    2.057419] io scheduler noop registered
[    2.062824] io scheduler deadline registered (default)
[    2.070095] io scheduler cfq registered
[    2.075583] pci_hotplug: PCI Hot Plug PCI Core version: 0.5
[    2.079344] pciehp: PCI Express Hot Plug Controller Driver version: 0.4
[    2.079344] ACPI: AC Adapter [AC] (on-line)
[    2.079344] input: Power Button as /devices/LNXSYSTM:00/LNXPWRBN:00/input/input0
[    2.079344] ACPI: Power Button [PWRF]
[    2.079344] input: Sleep Button as /devices/LNXSYSTM:00/LNXSLPBN:00/input/input1
[    2.079344] ACPI: Sleep Button [SLPF]
[    2.128785] GHES: HEST is not enabled!
[    2.130896] ACPI: Battery Slot [BAT0] (battery present)
[    2.141117] Serial: 8250/16550 driver, 32 ports, IRQ sharing enabled
[    2.176655] 00:02: ttyS0 at I/O 0x3f8 (irq = 4, base_baud = 115200) is a 16550A
[    2.207361] Linux agpgart interface v0.103
[    2.225740] loop: module loaded
[    2.233358] scsi host0: ata_piix
[    2.238950] scsi host1: ata_piix
[    2.243057] ata1: PATA max UDMA/33 cmd 0x1f0 ctl 0x3f6 bmdma 0xd000 irq 14
[    2.246961] ata2: PATA max UDMA/33 cmd 0x170 ctl 0x376 bmdma 0xd008 irq 15
[    2.260202] libphy: Fixed MDIO Bus: probed
[    2.265444] tun: Universal TUN/TAP device driver, 1.6
[    2.271871] tun: (C) 1999-2004 Max Krasnyansky <maxk@qualcomm.com>
[    2.280231] PPP generic driver version 2.4.2
[    2.286352] ehci_hcd: USB 2.0 'Enhanced' Host Controller (EHCI) Driver
[    2.294482] ehci-pci: EHCI PCI platform driver
[    2.298414] ehci-platform: EHCI generic platform driver
[    2.298414] ohci_hcd: USB 1.1 'Open' Host Controller (OHCI) Driver
[    2.298414] ohci-pci: OHCI PCI platform driver
[    2.298414] ohci-platform: OHCI generic platform driver
[    2.298414] uhci_hcd: USB Universal Host Controller Interface driver
[    2.298414] i8042: PNP: PS/2 Controller [PNP0303:PS2K,PNP0f03:PS2M] at 0x60,0x64 irq 1,12
[    2.347192] serio: i8042 KBD port at 0x60,0x64 irq 1
[    2.348711] serio: i8042 AUX port at 0x60,0x64 irq 12
[    2.361031] mousedev: PS/2 mouse device common for all mice
[    2.373742] rtc_cmos rtc_cmos: rtc core: registered rtc_cmos as rtc0
[    2.384210] input: AT Translated Set 2 keyboard as /devices/platform/i8042/serio0/input/input2
[    2.392193] rtc_cmos rtc_cmos: alarms up to one day, 114 bytes nvram
[    2.392209] i2c /dev entries driver
[    2.392316] device-mapper: uevent: version 1.0.3
[    2.392423] device-mapper: ioctl: 4.34.0-ioctl (2015-10-28) initialised: dm-devel@redhat.com
[    2.392443] ledtrig-cpu: registered to indicate activity on CPUs
[    2.413297] NET: Registered protocol family 10
[    2.487561] NET: Registered protocol family 17
[    2.497601] Key type dns_resolver registered
[    2.507038] registered taskstats version 1
[    2.516400] Loading compiled-in X.509 certificates
[    2.523799] Loaded X.509 cert 'Build time autogenerated kernel key: cf00e047681d67edb2720680708b7d9498083038'
[    2.536584] zswap: loaded using pool lzo/zbud
[    2.547948] Key type trusted registered
[    2.566355] Key type encrypted registered
[    2.572525] AppArmor: AppArmor sha1 policy hashing enabled
[    2.579763] ima: No TPM chip found, activating TPM-bypass!
[    2.587948] ima: Allocated hash algorithm: sha1
[    2.594343] evm: HMAC attrs: 0x1
[    2.602418]   Magic number: 11:255:841
[    2.608666] rtc_cmos rtc_cmos: setting system clock to 2023-02-12 15:48:03 UTC (1676216883)
[    2.620310] BIOS EDD facility v0.16 2004-Jun-25, 0 devices found
[    2.628159] EDD information not available.
[    2.637066] Freeing unused kernel memory: 1492K
[    2.643613] Write protecting the kernel read-only data: 14336k
[    2.652500] Freeing unused kernel memory: 1584K
[    2.658661] Freeing unused kernel memory: 52K
Loading, please wait...
starting version 229
[    2.697553] random: udevadm: uninitialized urandom read (16 bytes read, 5 bits of entropy available)
[    2.697756] random: systemd-udevd: uninitialized urandom read (16 bytes read, 5 bits of entropy available)
[    2.697823] random: systemd-udevd: uninitialized urandom read (16 bytes read, 5 bits of entropy available)
[    2.697833] random: systemd-udevd: uninitialized urandom read (16 bytes read, 5 bits of entropy available)
[    2.697866] random: systemd-udevd: uninitialized urandom read (16 bytes read, 5 bits of entropy available)
[    2.757615] random: udevadm: uninitialized urandom read (16 bytes read, 5 bits of entropy available)
[    2.779390] random: systemd-udevd: uninitialized urandom read (16 bytes read, 5 bits of entropy available)
[    2.783113] random: udevadm: uninitialized urandom read (16 bytes read, 5 bits of entropy available)
[    2.783155] random: udevadm: uninitialized urandom read (16 bytes read, 5 bits of entropy available)
[    2.783911] random: udevadm: uninitialized urandom read (16 bytes read, 5 bits of entropy available)
[    2.882512] e1000: Intel(R) PRO/1000 Network Driver - version 7.3.21-k8-NAPI
[    2.893545] e1000: Copyright (c) 1999-2006 Intel Corporation.
[    2.902938] Fusion MPT base driver 3.04.20
[    2.909230] Copyright (c) 1999-2008 LSI Corporation
[    2.945835] Fusion MPT SPI Host driver 3.04.20
[    3.224659] input: ImExPS/2 Generic Explorer Mouse as /devices/platform/i8042/serio1/input/input4
[    3.857578] e1000 0000:00:03.0 eth0: (PCI:33MHz:32-bit) 02:be:82:6b:cc:1d
[    3.866336] e1000 0000:00:03.0 eth0: Intel(R) PRO/1000 Network Connection
[    4.735285] e1000 0000:00:08.0 eth1: (PCI:33MHz:32-bit) 08:00:27:36:5c:0b
[    4.744378] e1000 0000:00:08.0 eth1: Intel(R) PRO/1000 Network Connection
[    4.757033] mptbase: ioc0: Initiating bringup
[    4.764508] e1000 0000:00:03.0 enp0s3: renamed from eth0
[    4.789023] e1000 0000:00:08.0 enp0s8: renamed from eth1
[    4.854241] ioc0: LSI53C1030 A0: Capabilities={Initiator}
[    6.372998] scsi host2: ioc0: LSI53C1030 A0, FwRev=00000000h, Ports=1, MaxQ=256, IRQ=20
[    6.537339] scsi 2:0:0:0: Direct-Access     VBOX     HARDDISK         1.0  PQ: 0 ANSI: 5
[    6.548410] scsi target2:0:0: Beginning Domain Validation
[    6.568918] scsi target2:0:0: Domain Validation skipping write tests
[    6.577442] scsi target2:0:0: Ending Domain Validation
[    6.584948] scsi target2:0:0: asynchronous
[    6.595237] scsi 2:0:1:0: Direct-Access     VBOX     HARDDISK         1.0  PQ: 0 ANSI: 5
[    6.599180] scsi target2:0:1: Beginning Domain Validation
[    6.627196] scsi target2:0:1: Domain Validation skipping write tests
[    6.638802] scsi target2:0:1: Ending Domain Validation
[    6.648309] scsi target2:0:1: asynchronous
[    6.713566] sd 2:0:0:0: Attached scsi generic sg0 type 0
[    6.714064] sd 2:0:0:0: [sda] 83886080 512-byte logical blocks: (42.9 GB/40.0 GiB)
[    6.715227] sd 2:0:0:0: [sda] Write Protect is off
[    6.716009] sd 2:0:0:0: [sda] Incomplete mode parameter data
[    6.716011] sd 2:0:0:0: [sda] Assuming drive cache: write through
[    6.731059]  sda: sda1
[    6.738510] sd 2:0:0:0: [sda] Attached SCSI disk
[    6.788924] sd 2:0:1:0: [sdb] 20480 512-byte logical blocks: (10.5 MB/10.0 MiB)
[    6.801775] sd 2:0:1:0: Attached scsi generic sg1 type 0
[    6.810368] sd 2:0:1:0: [sdb] Write Protect is off
[    6.818396] sd 2:0:1:0: [sdb] Incomplete mode parameter data
[    6.825404] sd 2:0:1:0: [sdb] Assuming drive cache: write through
[    6.842776] sd 2:0:1:0: [sdb] Attached SCSI disk
Begin: Loading essential drivers ... [    8.764429] md: linear personality registered for level -1
[    8.778185] md: multipath personality registered for level -4
[    8.790556] md: raid0 personality registered for level 0
[    8.815307] md: raid1 personality registered for level 1
[    8.896829] raid6: sse2x1   gen()  9068 MB/s
[    8.968723] raid6: sse2x1   xor()  6152 MB/s
[    9.040182] raid6: sse2x2   gen() 10112 MB/s
[    9.112291] raid6: sse2x2   xor()  8295 MB/s
[    9.184907] raid6: sse2x4   gen() 13191 MB/s
[    9.256395] raid6: sse2x4   xor()  9593 MB/s
[    9.262374] raid6: using algorithm sse2x4 gen() 13191 MB/s
[    9.269238] raid6: .... xor() 9593 MB/s, rmw enabled
[    9.275682] raid6: using ssse3x2 recovery algorithm
[    9.285465] xor: measuring software checksum speed
[    9.332114]    prefetch64-sse: 17149.000 MB/sec
[    9.376076]    generic_sse: 14129.000 MB/sec
[    9.381906] xor: using function: prefetch64-sse (17149.000 MB/sec)
[    9.393846] async_tx: api initialized (async)
[    9.462118] md: raid6 personality registered for level 6
[    9.470577] md: raid5 personality registered for level 5
[    9.478688] md: raid4 personality registered for level 4
[    9.517815] md: raid10 personality registered for level 10
done.
Begin: Running /scripts/init-premount ... done.
Begin: Mounting root file system ... Begin: Running /scripts/local-top ... done.
Begin: Running /scripts/local-premount ... [    9.639133] Btrfs loaded
Scanning for Btrfs filesystems
done.
Warning: fsck not present, so skipping root file system
[    9.714550] EXT4-fs (sda1): mounted filesystem with ordered data mode. Opts: (null)
done.
Begin: Running /scripts/local-bottom ... done.
Begin: Running /scripts/init-bottom ... done.
[    9.994951] systemd[1]: systemd 229 running in system mode. (+PAM +AUDIT +SELINUX +IMA +APPARMOR +SMACK +SYSVINIT +UTMP +LIBCRYPTSETUP +GCRYPT +GNUTLS +ACL +XZ -LZ4 +SECCOMP +BLKID +ELFUTILS +KMOD -IDN)
[   10.015873] systemd[1]: Detected virtualization oracle.
[   10.023469] systemd[1]: Detected architecture x86-64.

Welcome to [1mUbuntu 16.04.7 LTS[0m!

[   10.046122] systemd[1]: Set hostname to <ubuntu>.
[   10.063769] systemd[1]: Initializing machine ID from random generator.
[   10.073662] systemd[1]: Installed transient /etc/machine-id file.
[   10.362180] systemd[1]: Started Forward Password Requests to Wall Directory Watch.
[[0;32m  OK  [0m] Started Forward Password Requests to Wall Directory Watch.
[   10.380803] systemd[1]: Created slice User and Session Slice.
[[0;32m  OK  [0m] Created slice User and Session Slice.
[   10.395713] systemd[1]: Listening on Journal Socket (/dev/log).
[[0;32m  OK  [0m] Listening on Journal Socket (/dev/log).
[   10.411579] systemd[1]: Listening on udev Control Socket.
[[0;32m  OK  [0m] Listening on udev Control Socket.
[   10.426305] systemd[1]: Listening on Device-mapper event daemon FIFOs.
[[0;32m  OK  [0m] Listening on Device-mapper event daemon FIFOs.
[   10.442503] systemd[1]: Reached target Encrypted Volumes.
[[0;32m  OK  [0m] Reached target Encrypted Volumes.
[   10.457490] systemd[1]: Listening on LVM2 poll daemon socket.
[[0;32m  OK  [0m] Listening on LVM2 poll daemon socket.
[   10.473490] systemd[1]: Listening on Journal Socket.
[[0;32m  OK  [0m] Listening on Journal Socket.
[   10.488114] systemd[1]: Set up automount Arbitrary Executable File Formats File System Automount Point.
[[0;32m  OK  [0m] Set up automount Arbitrary Executab...ats File System Automount Point.
[   10.508581] systemd[1]: Listening on fsck to fsckd communication Socket.
[[0;32m  OK  [0m] Listening on fsck to fsckd communication Socket.
[   10.524972] systemd[1]: Listening on Journal Audit Socket.
[[0;32m  OK  [0m] Listening on Journal Audit Socket.
[   10.539293] systemd[1]: Reached target System Time Synchronized.
[[0;32m  OK  [0m] Reached target System Time Synchronized.
[   10.555962] systemd[1]: Listening on Syslog Socket.
[[0;32m  OK  [0m] Listening on Syslog Socket.
[   10.569878] systemd[1]: Reached target User and Group Name Lookups.
[[0;32m  OK  [0m] Reached target User and Group Name Lookups.
[   10.588804] systemd[1]: Listening on udev Kernel Socket.
[[0;32m  OK  [0m] Listening on udev Kernel Socket.
[   10.606303] systemd[1]: Created slice System Slice.
[[0;32m  OK  [0m] Created slice System Slice.
[   10.633119] systemd[1]: Starting Create list of required static device nodes for the current kernel...
         Starting Create list of required st... nodes for the current kernel...
[   10.656111] systemd[1]: Starting Uncomplicated firewall...
         Starting Uncomplicated firewall...
[   10.672932] systemd[1]: Mounting POSIX Message Queue File System...
         Mounting POSIX Message Queue File System...
[   10.690282] systemd[1]: Mounting Debug File System...
         Mounting Debug File System...
[   10.704887] systemd[1]: Mounting Huge Pages File System...
         Mounting Huge Pages File System...
[   10.719485] systemd[1]: Created slice system-serial\x2dgetty.slice.
[[0;32m  OK  [0m] Created slice system-serial\x2dgetty.slice.
[   10.752507] systemd[1]: Starting File System Check on Root Device...
         Starting File System Check on Root Device...
[   10.776326] systemd[1]: Starting Load Kernel Modules...
         Starting Load Kernel Modules...
[   10.802990] systemd[1]: Starting Nameserver information manager...
[   10.814670] Loading iSCSI transport class v2.0-870.
         Starting Nameserver information manager...
[   10.833702] systemd[1]: Reached target Slices.
[[0;32m  OK  [0m] Reached target Slices.
[   10.850686] iscsi: registered transport (tcp)
[   10.852937] systemd[1]: Starting Journal Service...
         Starting Journal Service...
[   10.881864] systemd[1]: Starting Set console keymap...
         Starting Set console keymap...
[   10.903359] systemd[1]: Reached target Swap.
[[0;32m  OK  [0m] Reached target Swap.
[   10.921874] systemd[1]: Listening on /dev/initctl Compatibility Named Pipe.
[[0;32m  OK  [0m] Listening on /dev/initctl Compatibility Named Pipe.
[   10.943833] systemd[1]: Started Trigger resolvconf update for networkd DNS.
[[0;32m  OK  [0m] Started Trigger resolvconf update for networkd DNS.
[   10.963651] systemd[1]: Listening on LVM2 metadata daemon socket.
[[0;32m  OK  [0m] Listening on LVM2 metadata daemon socket.
[   11.001399] systemd[1]: Starting Monitoring of LVM2 mirrors, snapshots etc. using dmeventd or progress polling...
         Starting Monitoring of LVM2 mirrors... dmeventd or progress polling...
[   11.094692] systemd[1]: Mounted Huge Pages File System.
[[0;32m  OK  [0m] Mounted Huge Pages File System.
[   11.113163] iscsi: registered transport (iser)
[   11.117258] systemd[1]: Mounted POSIX Message Queue File System.
[[0;32m  OK  [0m] Mounted POSIX Message Queue File System.[   11.134925] random: nonblocking pool is initialized

[   11.142918] systemd[1]: Mounted Debug File System.
[[0;32m  OK  [0m] Mounted Debug File System.
[   11.158997] systemd[1]: Started Journal Service.
[[0;32m  OK  [0m] Started Journal Service.
[[0;32m  OK  [0m] Started Create list of required sta...ce nodes for the current kernel.
[[0;32m  OK  [0m] Started Uncomplicated firewall.
[[0;32m  OK  [0m] Started File System Check on Root Device.
[[0;32m  OK  [0m] Started Load Kernel Modules.
[[0;32m  OK  [0m] Started Set console keymap.
[[0;32m  OK  [0m] Started Nameserver information manager.
[[0;32m  OK  [0m] Started LVM2 metadata daemon.
[[0;32m  OK  [0m] Started File System Check Daemon to report status.
         Mounting FUSE Control File System...
         Starting Apply Kernel Variables...
         Starting Remount Root and Kernel File Systems...
[   11.340156] EXT4-fs (sda1): re-mounted. Opts: (null)
         Starting Create Static Device Nodes in /dev...
[[0;32m  OK  [0m] Mounted FUSE Control File System.
[[0;32m  OK  [0m] Started Apply Kernel Variables.
[[0;32m  OK  [0m] Started Remount Root and Kernel File Systems.
[[0;32m  OK  [0m] Started Create Static Device Nodes in /dev.
         Starting udev Kernel Device Manager...
         Starting Flush Journal to Persistent Storage...
         Starting Load/Save Random Seed...
         Starting udev Coldplug all Devices...
[[0;32m  OK  [0m] Started Load/Save Random Seed.
[[0;32m  OK  [0m] Started Flush Journal to Persistent Storage.
[[0;32m  OK  [0m] Started udev Kernel Device Manager.
[[0;32m  OK  [0m] Started Monitoring of LVM2 mirrors,...ng dmeventd or progress polling.
[[0;32m  OK  [0m] Reached target Local File Systems (Pre).
[[0;32m  OK  [0m] Reached target Local File Systems.
         Starting Initial cloud-init job (pre-networking)...
         Starting Set console font and keymap...
         Starting Tell Plymouth To Write Out Runtime Data...
         Starting Commit a transient machine-id on disk...
         Starting LSB: AppArmor initialization...
         Starting Create Volatile Files and Directories...
[[0;32m  OK  [0m] Started udev Coldplug all Devices.
[[0;32m  OK  [0m] Started Tell Plymouth To Write Out Runtime Data.
[[0;32m  OK  [0m] Started Commit a transient machine-id on disk.
[[0;32m  OK  [0m] Started Create Volatile Files and Directories.
         Starting Update UTMP about System Boot/Shutdown...
[[0;32m  OK  [0m] Started Dispatch Password Requests to Console Directory Watch.
[[0;32m  OK  [0m] Started Update UTMP about System Boot/Shutdown.
[[0;32m  OK  [0m] Found device /dev/ttyS0.
[[0;32m  OK  [0m] Listening on Load/Save RF Kill Switch Status /dev/rfkill Watch.
[   14.386066] cloud-init[465]: Cloud-init v. 21.1-19-gbad84ad4-0ubuntu1~16.04.2 running 'init-local' at Sun, 12 Feb 2023 15:48:14 +0000. Up 13.64 seconds.
[[0;32m  OK  [0m] Started LSB: AppArmor initialization.
         Starting Load AppArmor profiles managed internally by snapd...
[[0;32m  OK  [0m] Started Initial cloud-init job (pre-networking).
[[0;32m  OK  [0m] Reached target Network (Pre).
         Starting Raise network interfaces...
[[0;32m  OK  [0m] Started Load AppArmor profiles managed internally by snapd.
[[0;32m  OK  [0m] Started Set console font and keymap.
[[0;32m  OK  [0m] Created slice system-getty.slice.
[[0;32m  OK  [0m] Started Raise network interfaces.
         Starting Initial cloud-init job (metadata service crawler)...
[[0;32m  OK  [0m] Reached target Network.
[   17.050213] cloud-init[938]: Cloud-init v. 21.1-19-gbad84ad4-0ubuntu1~16.04.2 running 'init' at Sun, 12 Feb 2023 15:48:17 +0000. Up 16.31 seconds.
[   17.058738] cloud-init[938]: ci-info: ++++++++++++++++++++++++++++++++++++++Net device info+++++++++++++++++++++++++++++++++++++++
[   17.068276] cloud-init[938]: ci-info: +--------+-------+----------------------------+---------------+--------+-------------------+
[   17.077148] cloud-init[938]: ci-info: | Device |   Up  |          Address           |      Mask     | Scope  |     Hw-Address    |
[   17.085762] cloud-init[938]: ci-info: +--------+-------+----------------------------+---------------+--------+-------------------+
[   17.094298] cloud-init[938]: ci-info: | enp0s3 |  True |         10.0.2.15          | 255.255.255.0 | global | 02:be:82:6b:cc:1d |
[   17.103377] cloud-init[938]: ci-info: | enp0s3 |  True | fe80::be:82ff:fe6b:cc1d/64 |       .       |  link  | 02:be:82:6b:cc:1d |
[   17.113630] cloud-init[938]: ci-info: | enp0s8 | False |             .              |       .       |   .    | 08:00:27:36:5c:0b |
[   17.122973] cloud-init[938]: ci-info: |   lo   |  True |         127.0.0.1          |   255.0.0.0   |  host  |         .         |
[   17.132845] cloud-init[938]: ci-info: |   lo   |  True |          ::1/128           |       .       |  host  |         .         |
[   17.141704] cloud-init[938]: ci-info: +--------+-------+----------------------------+---------------+--------+-------------------+
[   17.150930] cloud-init[938]: ci-info: +++++++++++++++++++++++++++Route IPv4 info++++++++++++++++++++++++++++
[   17.159279] cloud-init[938]: ci-info: +-------+-------------+----------+---------------+-----------+-------+
[   17.173342] cloud-init[938]: ci-info: | Route | Destination | Gateway  |    Genmask    | Interface | Flags |
[   17.181917] cloud-init[938]: ci-info: +-------+-------------+----------+---------------+-----------+-------+
[   17.190487] cloud-init[938]: ci-info: |   0   |   0.0.0.0   | 10.0.2.2 |    0.0.0.0    |   enp0s3  |   UG  |
[   17.198683] cloud-init[938]: ci-info: |   1   |   10.0.2.0  | 0.0.0.0  | 255.255.255.0 |   enp0s3  |   U   |
[   17.207422] cloud-init[938]: ci-info: +-------+-------------+----------+---------------+-----------+-------+
[   17.217084] cloud-init[938]: ci-info: +++++++++++++++++++Route IPv6 info+++++++++++++++++++
[   17.224437] cloud-init[938]: ci-info: +-------+-------------+---------+-----------+-------+
[   17.231616] cloud-init[938]: ci-info: | Route | Destination | Gateway | Interface | Flags |
[   17.239128] cloud-init[938]: ci-info: +-------+-------------+---------+-----------+-------+
[   17.246329] cloud-init[938]: ci-info: |   0   |  fe80::/64  |    ::   |   enp0s3  |   U   |
[   17.252797] cloud-init[938]: ci-info: |   3   |   ff00::/8  |    ::   |   enp0s3  |   U   |
[   17.259557] cloud-init[938]: ci-info: +-------+-------------+---------+-----------+-------+
[   17.266477] cloud-init[938]: Generating public/private rsa key pair.
[   17.271703] cloud-init[938]: Your identification has been saved in /etc/ssh/ssh_host_rsa_key.
[   17.278576] cloud-init[938]: Your public key has been saved in /etc/ssh/ssh_host_rsa_key.pub.
[   17.285562] cloud-init[938]: The key fingerprint is:
[   17.290867] cloud-init[938]: SHA256:nBf5tJtWaQthqhl8Jw1v53prsP6wa8ahb5IYvSsnYA0 root@ubuntu-xenial
[   17.297794] cloud-init[938]: The key's randomart image is:
[   17.303511] cloud-init[938]: +---[RSA 2048]----+
[   17.308147] cloud-init[938]: |                 |
[   17.312900] cloud-init[938]: |           .     |
[[0;32m  OK  [0m] Started Initial cloud-init job (metadata service crawler).
[[0;32m  OK  [0m] Reached target System Initialization.
[[0;32m  OK  [0m] Listening on D-Bus System Message Bus Socket.
[[0;32m  OK  [0m] Started Daily Cleanup of Temporary Directories.
         Starting Socket activation for snappy daemon.
[   17.318691] cloud-init[938]: |          + +    |
         Starting LXD - unix socket.
[   17.337019] cloud-init[938]: |      Eo . X o . |
[[0;32m  OK  [0m] Started ACPI Events Check.
[   17.351812] [[0;32m  OK  [0m] Reached target Paths.
[[0;32m  OK  [0m] Listening on ACPID Listen Socket.
[[0;32m  OK  [0m] Started Daily apt download activities.
[[0;32m  OK  [0m] Started Message of the Day.
[[0;32m  OK  [0m] Started Ubuntu Advantage update messaging.
[[0;32m  OK  [0m] Listening on UUID daemon activation socket.
[[0;32m  OK  [0m] Started Daily apt upgrade and clean activities.
[[0;32m  OK  [0m] Reached target Timers.
[[0;32m  OK  [0m] Reached target Cloud-config availability.
[[0;32m  OK  [0m] Reached target Network is Online.
cloud-init[938]: |       oS.= O =  |
[   17.380945] cloud-init         Starting iSCSI initiator daemon (iscsid)...
[[0;32m  OK  [0m] Listening on Socket activation for snappy daemon.
[[0;32m  OK  [0m] Listening on LXD - unix socket.
[[0;32m  OK  [0m] Reached target Sockets.
[[0;32m  OK  [0m] Reached target Basic System.
[938]: |      o o*.+oO . |[[0;32m  OK  [0m] Started ACPI event daemon.

         Starting Pollinate to seed the pseudo random number generator...
         Starting /etc/rc.local Compatibility...
[[0;32m  OK  [0m] Started Deferred execution scheduler.
         Starting System Logging Service...
         Starting Accounts Service...
[   17.415605] cloud-init         Starting Snap Daemon...
[[0;32m  OK  [0m] Started Regular background program processing daemon.
[[0;32m  OK  [0m] Started D-Bus System Message Bus.
[938]: |     . .oo ==+o  |
[   17.474966] cloud-init[938]: |        + *.*+o  |
[   17.487595] cloud-init[938]: |         +.O*=o. |
[   17.500597] cloud-init[938]: +----[SHA256]-----+
[   17.511631] cloud-init[938]: Generating public/private dsa key pair.
[   17.534775] cloud-init[938]: Your identification has been saved in /etc/ssh/ssh_host_dsa_key.
[   17.555648] cloud-init[938]: Your public key has been saved in /etc/ssh/ssh_host_dsa_key.pub.
[   17.581210] cloud-init[938]: The key fingerprint is:
[   17.592998] cloud-init[938]: SHA256:y5VyDe6wWLxCdBfPZkUz23KzBOCXgHTM1UyVFnJeCNE root@ubuntu-xenial
         Starting Virtualbox guest utils...
         Starting LSB: MD monitoring daemon...
         Starting LSB: Record successful boot for GRUB...
         Starting LXD - container startup/shutdown...
         Starting Login Service...
[[0;32m  OK  [0m] Started FUSE filesystem for LXC.
[[0;32m  OK  [0m] Started System Logging Service.
[[0;32m  OK  [0m] Started /etc/rc.local Compatibility.
         Starting Authenticate and Authorize Users to Run Privileged Tasks...
[[0;32m  OK  [0m] Started iSCSI initiator daemon (iscsid).
         Starting Login to default iSCSI targets...
[   17.606201] cloud-init[938]: The key's randomart image is:[[0;32m  OK  [0m] Started Login Service.

[[0;32m  OK  [0m] Started Unattended Upgrades Shutdown.
[[0;32m  OK  [0m] Started LSB: MD monitoring daemon.
[[0;32m  OK  [0m] Started Authenticate and Authorize Users to Run Privileged Tasks.
[[0;32m  OK  [0m] Started Accounts Service.
[   17.809050] cloud-init[938]: +---[DSA 1024]----+[[0;32m  OK  [0m] Started Login to default iSCSI targets.
[[0;32m  OK  [0m] Reached target Remote File Systems (Pre).
[[0;32m  OK  [0m] Reached target Remote File Systems.

         Starting LSB: automatic crash report generation...
         Starting Permit User Sessions...
         Starting LSB: Set the CPU Frequency Scaling governor to "ondemand"...
         Starting LSB: daemon to balance interrupts for SMP systems...
[[0;32m  OK  [0m] Started Permit User Sessions.
[[0;32m  OK  [0m] Started LSB: Record successful boot for GRUB.
[   17.915356] cloud-init[938]:          Starting Terminate Plymouth Boot Screen...
         Starting Hold until boot process finishes up...
[[0;32m  OK  [0m] Started Hold until boot process finishes up.
         Starting Set console scheme...
[[0;32m  OK  [0m] Started Serial Getty on ttyS0.
[[0;32m  OK  [0m] Started Getty on tty1.
[[0;32m  OK  [0m] Reached target Login Prompts.
|        ..=+=OO=*|[[0;32m  OK  [0m] Started Set console scheme.
[[0;32m  OK  [0m] Started Terminate Plymouth Boot Screen.

[   17.994036] cloud-init[938]: |         .o*..EX.|
[[0;32m  OK  [0m] Started LSB: Set the CPU Frequency Scaling governor to "ondemand".
[[0;32m  OK  [0m] Started LSB: automatic crash report generation.
[   18.022063] cloud-init[938]: |      . . o.=o++o|[[0;32m  OK  [0m] Started LSB: daemon to balance interrupts for SMP systems.

[   18.142498] cloud-init[938]: |     . o o *. .oo|
[   18.190999] cloud-init[938]: |      . S = .  . |
[   18.235503] cloud-init[938]: |     . + X       |
[   18.271758] cloud-init[938]: |      o = .      |[[0;32m  OK  [0m] Started LXD - container startup/shutdown.

[   18.302604] cloud-init[938]: |       .         |
[   18.328455] cloud-init[938]: |                 |
[   18.345185] cloud-init[938]: +----[SHA256]-----+
[   18.368470] cloud-init[938]: Generating public/private ecdsa key pair.
[   18.403564] cloud-init[938]: Your identification has been saved in /etc/ssh/ssh_host_ecdsa_key.
[   18.435886] cloud-init[938]: Your public key has been saved in /etc/ssh/ssh_host_ecdsa_key.pub.
[   18.468438] cloud-init[938]: [[0;32m  OK  [0m] Started Virtualbox guest utils.
The key fingerprint is:
[   18.497406] cloud-init[938]: SHA256:AVlF024RUstL1fWjbvwnWkBhNDVKREkpWb5DOazAksU root@ubuntu-xenial
[   18.516543] cloud-init[938]: The key's randomart image is:
[   18.531720] cloud-init[938]: +---[ECDSA 256]---+
[   18.547044] [[0;32m  OK  [0m] Started Snap Daemon.
cloud-init[938]: |      .+oo=X&=+.o|
[   18.571133] cloud-init         Starting Wait until snapd is fully seeded...
[[0;32m  OK  [0m] Started Pollinate to seed the pseudo random number generator.
[938]: |      .=E oO=B .o|         Starting OpenBSD Secure Shell server...

[   18.609182] cloud-init[938]: |      o +  o%. ..|
[   18.639403] cloud-init[[0;32m  OK  [0m] Started OpenBSD Secure Shell server.
[938]: |       . o =o+. .|
[   18.677008] cloud-init[938]: |        S ..=.   |
[   18.690605] cloud-init[938]: |            oo   |
[   18.704320] cloud-init[938]: |             +.  |
[   18.711993] cloud-init[938]: |            ..o .|
[   18.721661] cloud-init[938]: |            .. o.|
[   18.731104] cloud-init[938]: +----[SHA256]-----+
[   18.745607] cloud-init[938]: Generating public/private ed25519 key pair.
[   18.772670] cloud-init[938]: Your identification has been saved in /etc/ssh/ssh_host_ed25519_key.
[   18.790615] cloud-init[938]: Your public key has been saved in /etc/ssh/ssh_host_ed25519_key.pub.
[   18.811277] cloud-init[938]: The key fingerprint is:
[   18.828588] cloud-init[938]: SHA256:uIZEw5U5rKLQ9iz3IM/4EDtxoZcwZBJOQUo/pJ8LBhQ root@ubuntu-xenial
[   18.843407] cloud-init[938]: The key's randomart image is:
[   18.856599] cloud-init[938]: +--[ED25519 256]--+
[   18.869747] cloud-init[938]: |+E=. ..o         |
[   18.883046] cloud-init[938]: |*++. .=          |
[   18.896570] cloud-init[938]: |o+oo=. .         |
[   18.909490] cloud-init[938]: |o ==++ .         |
[   18.922024] cloud-init[938]: |.=+*= . S        |
[   18.934031] cloud-init[938]: |o +B*. .         |
[   18.945102] cloud-init[938]: |  +O.oo          |
[   18.963225] cloud-init[938]: |  .oo..          |
[   18.975646] cloud-init[938]: |   ..            |
[   18.991045] cloud-init[938]: +----[SHA256]-----+
[[0;32m  OK  [0m] Started Wait until snapd is fully seeded.
         Starting Apply the settings specified in cloud-config...
[[0;32m  OK  [0m] Reached target Multi-User System.
[[0;32m  OK  [0m] Reached target Graphical Interface.
         Starting Update UTMP about System Runlevel Changes...
[[0;32m  OK  [0m] Started Update UTMP about System Runlevel Changes.
[   20.918754] cloud-init[1294]: Generating locales (this might take a while)...
[   22.268905] cloud-init[1294]:   en_US.UTF-8... done
[   22.274680] cloud-init[1294]: Generation complete.
[   22.870511] cloud-init[1294]: Cloud-init v. 21.1-19-gbad84ad4-0ubuntu1~16.04.2 running 'modules:config' at Sun, 12 Feb 2023 15:48:21 +0000. Up 20.77 seconds.
[[0;32m  OK  [0m] Started Apply the settings specified in cloud-config.
         Starting Execute cloud user/final scripts...
ci-info: no authorized SSH keys fingerprints found for user ubuntu.
<14>Feb 12 15:48:24 ec2: 
<14>Feb 12 15:48:24 ec2: #############################################################
<14>Feb 12 15:48:24 ec2: -----BEGIN SSH HOST KEY FINGERPRINTS-----
<14>Feb 12 15:48:24 ec2: 1024 SHA256:y5VyDe6wWLxCdBfPZkUz23KzBOCXgHTM1UyVFnJeCNE root@ubuntu-xenial (DSA)
<14>Feb 12 15:48:24 ec2: 256 SHA256:AVlF024RUstL1fWjbvwnWkBhNDVKREkpWb5DOazAksU root@ubuntu-xenial (ECDSA)
<14>Feb 12 15:48:24 ec2: 256 SHA256:uIZEw5U5rKLQ9iz3IM/4EDtxoZcwZBJOQUo/pJ8LBhQ root@ubuntu-xenial (ED25519)
<14>Feb 12 15:48:24 ec2: 2048 SHA256:nBf5tJtWaQthqhl8Jw1v53prsP6wa8ahb5IYvSsnYA0 root@ubuntu-xenial (RSA)
<14>Feb 12 15:48:24 ec2: -----END SSH HOST KEY FINGERPRINTS-----
<14>Feb 12 15:48:24 ec2: #############################################################
-----BEGIN SSH HOST KEY KEYS-----
ecdsa-sha2-nistp256 AAAAE2VjZHNhLXNoYTItbmlzdHAyNTYAAAAIbmlzdHAyNTYAAABBBHgWAh2IldK/c3OuHVxqf8KPtxFti6iEbHp2HzqWgRMtiRjIxQ0REzDaLZoisN3ATpqT449xjpcz9Un3uEvqkq0= root@ubuntu-xenial
ssh-ed25519 AAAAC3NzaC1lZDI1NTE5AAAAIPYtYGE0Z9s24msJcJzePr1EkewMSsFQG4wonlYttRu4 root@ubuntu-xenial
ssh-rsa AAAAB3NzaC1yc2EAAAADAQABAAABAQC7sCpR6txnQKEABSwZJlpPjt/9vpAc9/oXdkToKouM3xvce7OMUgGPj6zqRMn/m/TznzZ1mYIZtl2AaEBwzFiVomsq6h7u4MbMA4K23sPA7jjYqqEQgHiJ6Ar9Jq+WQHWEB69e63jOotnCc4nVuefqLCGDixgMNJXTvHW3o3vPPwmgiuKDb12f8uPpPxRgCm9IwfEkIkcYiGh8AGyfvmaGDdMwtL5k70pEkUmtNoEnZNx2pBdXQOg7N69182H/VTaJmIcFE/scoHoRgH9jumhIM+9LfWpZGF3OwNpoeJu12qvrLLm8cfe4WGISrRcXPnH6js3ra2Cmd7K4pLGHM4/V root@ubuntu-xenial
-----END SSH HOST KEY KEYS-----
[   23.525765] cloud-init[1337]: Cloud-init v. 21.1-19-gbad84ad4-0ubuntu1~16.04.2 running 'modules:final' at Sun, 12 Feb 2023 15:48:24 +0000. Up 23.29 seconds.
[   23.526011] cloud-init[1337]: ci-info: no authorized SSH keys fingerprints found for user ubuntu.
[   23.526114] cloud-init[1337]: Cloud-init v. 21.1-19-gbad84ad4-0ubuntu1~16.04.2 finished at Sun, 12 Feb 2023 15:48:24 +0000. Datasource DataSourceNoCloud [seed=/dev/sdb][dsmode=net].  Up 23.51 seconds

Ubuntu 16.04.7 LTS ubuntu-xenial ttyS0

ubuntu-xenial login: 